<?xml version="1.0" encoding="UTF-8"?>
<!-- Generated by org.testng.reporters.JUnitXMLReporter -->
<testsuite ignored="0" hostname="DESKTOP-MSNJAQA" failures="1" tests="3" name="Test" time="0.161" errors="0" timestamp="2023-07-04T17:14:39 IST">
  <testcase classname="Listener_Testng.Depend_Runnerclass" name="test1" time="0.018"/>
  <testcase classname="Listener_Testng.Depend_Runnerclass" name="test2" time="0.014">
    <failure type="java.lang.AssertionError" message="null">
      <![CDATA[java.lang.AssertionError: null
at Listener_Testng.Depend_Runnerclass.test2(Depend_Runnerclass.java:18)
at java.base/java.util.ArrayList.forEach(ArrayList.java:1511)
... Removed 29 stack frames]]>
    </failure>
  </testcase> <!-- test2 -->
  <testcase classname="Listener_Testng.Depend_Runnerclass" name="test3" time="0.001">
    <skipped/>
  </testcase> <!-- test3 -->
</testsuite> <!-- Test -->
